{"C:\\Users\\2324290115\\Downloads\\projeto-testes-jest\\Calculadora.js": {"path":"C:\\Users\\2324290115\\Downloads\\projeto-testes-jest\\Calculadora.js","statementMap":{"0":{"start":{"line":3,"column":8},"end":{"line":3,"column":21}},"1":{"start":{"line":7,"column":8},"end":{"line":7,"column":21}},"2":{"start":{"line":11,"column":8},"end":{"line":11,"column":21}},"3":{"start":{"line":15,"column":8},"end":{"line":15,"column":71}},"4":{"start":{"line":15,"column":21},"end":{"line":15,"column":71}},"5":{"start":{"line":16,"column":8},"end":{"line":16,"column":21}},"6":{"start":{"line":20,"column":8},"end":{"line":23,"column":17}},"7":{"start":{"line":21,"column":30},"end":{"line":21,"column":45}},"8":{"start":{"line":22,"column":12},"end":{"line":22,"column":32}},"9":{"start":{"line":27,"column":0},"end":{"line":27,"column":29}}},"fnMap":{"0":{"name":"(anonymous_0)","decl":{"start":{"line":2,"column":4},"end":{"line":2,"column":5}},"loc":{"start":{"line":2,"column":15},"end":{"line":4,"column":5}},"line":2},"1":{"name":"(anonymous_1)","decl":{"start":{"line":6,"column":4},"end":{"line":6,"column":5}},"loc":{"start":{"line":6,"column":18},"end":{"line":8,"column":5}},"line":6},"2":{"name":"(anonymous_2)","decl":{"start":{"line":10,"column":4},"end":{"line":10,"column":5}},"loc":{"start":{"line":10,"column":21},"end":{"line":12,"column":5}},"line":10},"3":{"name":"(anonymous_3)","decl":{"start":{"line":14,"column":4},"end":{"line":14,"column":5}},"loc":{"start":{"line":14,"column":17},"end":{"line":17,"column":5}},"line":14},"4":{"name":"(anonymous_4)","decl":{"start":{"line":19,"column":4},"end":{"line":19,"column":5}},"loc":{"start":{"line":19,"column":32},"end":{"line":24,"column":5}},"line":19},"5":{"name":"(anonymous_5)","decl":{"start":{"line":20,"column":19},"end":{"line":20,"column":20}},"loc":{"start":{"line":20,"column":25},"end":{"line":23,"column":9}},"line":20}},"branchMap":{"0":{"loc":{"start":{"line":15,"column":8},"end":{"line":15,"column":71}},"type":"if","locations":[{"start":{"line":15,"column":8},"end":{"line":15,"column":71}},{"start":{},"end":{}}],"line":15}},"s":{"0":3,"1":1,"2":1,"3":3,"4":1,"5":2,"6":1,"7":1,"8":1,"9":1},"f":{"0":3,"1":1,"2":1,"3":3,"4":1,"5":1},"b":{"0":[1,2]},"_coverageSchema":"1a1c01bbd47fc00a2c39e90264f33305004495a9","hash":"1a7501e0cc6d847b6cfd3f31b48fa2720cbce399"}
}
